<?xml version="1.0" encoding="UTF-8"?>
<!-- Generated by org.testng.reporters.JUnitReportReporter -->
<testsuite hostname="DESKTOP-LDK6U86" failures="0" tests="4" name="testNG.GroupingExamples" time="0.022" errors="0" timestamp="2023-03-11T14:08:25 IST" skipped="0">
  <testcase classname="testNG.GroupingExamples" name="VIVO1" time="0.001"/>
  <system-out/>
  <testcase classname="testNG.GroupingExamples" name="VIVO2" time="0.003"/>
  <system-out/>
  <testcase classname="testNG.GroupingExamples" name="Moto1" time="0.016"/>
  <system-out/>
  <testcase classname="testNG.GroupingExamples" name="Moto2" time="0.002"/>
  <system-out/>
</testsuite> <!-- testNG.GroupingExamples -->
