<?xml version="1.0" encoding="UTF-8"?>
<!-- Generated by org.testng.reporters.JUnitReportReporter -->
<testsuite hostname="DESKTOP-LDK6U86" failures="0" tests="3" name="testNG.SuiteExamples" time="12.653" errors="0" timestamp="2023-03-11T12:47:12 IST" skipped="0">
  <testcase classname="testNG.SuiteExamples" name="openyahoo" time="8.803"/>
  <system-out/>
  <testcase classname="testNG.SuiteExamples" name="opengoogle" time="1.957"/>
  <system-out/>
  <testcase classname="testNG.SuiteExamples" name="openbing" time="1.893"/>
  <system-out/>
</testsuite> <!-- testNG.SuiteExamples -->
