<?xml version="1.0" encoding="UTF-8"?>
<!-- Generated by org.testng.reporters.JUnitReportReporter -->
<testsuite hostname="DESKTOP-LDK6U86" failures="0" tests="3" name="testNG.DependenciesManagement" time="0.017" errors="0" timestamp="2023-03-11T12:51:38 IST" skipped="0">
  <testcase classname="testNG.DependenciesManagement" name="GCEOrdinerylevel" time="0.012"/>
  <system-out/>
  <testcase classname="testNG.DependenciesManagement" name="GCEAdvancedlevel" time="0.001"/>
  <system-out/>
  <testcase classname="testNG.DependenciesManagement" name="University" time="0.004"/>
  <system-out/>
</testsuite> <!-- testNG.DependenciesManagement -->
