<?xml version="1.0" encoding="UTF-8"?>
<!-- Generated by org.testng.reporters.JUnitReportReporter -->
<testsuite hostname="DESKTOP-LDK6U86" failures="0" tests="4" name="testNG.SampleTestCase" time="0.014" errors="0" timestamp="2023-03-11T12:51:38 IST" skipped="0">
  <testcase classname="testNG.SampleTestCase" name="firstTestCase" time="0.004"/>
  <system-out/>
  <testcase classname="testNG.SampleTestCase" name="forthTestCase" time="0.004"/>
  <system-out/>
  <testcase classname="testNG.SampleTestCase" name="secondTestCase" time="0.002"/>
  <system-out/>
  <testcase classname="testNG.SampleTestCase" name="thirdTestCase" time="0.004"/>
  <system-out/>
</testsuite> <!-- testNG.SampleTestCase -->
