<?xml version="1.0" encoding="UTF-8"?>
<!-- Generated by org.testng.reporters.JUnitReportReporter -->
<testsuite hostname="DESKTOP-LDK6U86" failures="0" tests="1" name="testNG.ParameterizationExample" time="0.014" errors="0" timestamp="2023-03-11T14:32:00 IST" skipped="0">
  <testcase classname="testNG.ParameterizationExample" name="printname" time="0.014"/>
  <system-out/>
</testsuite> <!-- testNG.ParameterizationExample -->
