<?xml version="1.0" encoding="UTF-8"?>
<!-- Generated by org.testng.reporters.JUnitReportReporter -->
<testsuite hostname="DESKTOP-LDK6U86" failures="0" tests="6" name="testNG.SkipATestCase" time="0.007" errors="0" timestamp="2023-03-11T12:51:38 IST" skipped="1">
  <testcase classname="testNG.SkipATestCase" name="StartTheCar" time="0.001"/>
  <system-out/>
  <testcase classname="testNG.SkipATestCase" name="FirstGear" time="0.002"/>
  <system-out/>
  <testcase classname="testNG.SkipATestCase" name="SecondGear" time="0.001"/>
  <system-out/>
  <testcase classname="testNG.SkipATestCase" name="ThirdGear" time="0.002"/>
  <system-out/>
  <testcase classname="testNG.SkipATestCase" name="FourthGear" time="0.001"/>
  <system-out/>
  <testcase classname="testNG.SkipATestCase" name="MusicOn">
    <skipped/>
  </testcase> <!-- MusicOn -->
  <system-out/>
</testsuite> <!-- testNG.SkipATestCase -->
