<?xml version="1.0" encoding="UTF-8"?>
<!-- Generated by org.testng.reporters.JUnitReportReporter -->
<testsuite hostname="DESKTOP-LDK6U86" failures="0" tests="4" name="testNG.SampleTestCase" time="0.076" errors="0" timestamp="2023-03-07T00:19:06 IST" skipped="0">
  <testcase classname="testNG.SampleTestCase" name="forthTestCase" time="0.019"/>
  <system-out/>
  <testcase classname="testNG.SampleTestCase" name="thirdTestCase" time="0.010"/>
  <system-out/>
  <testcase classname="testNG.SampleTestCase" name="secondTestCase" time="0.015"/>
  <system-out/>
  <testcase classname="testNG.SampleTestCase" name="firstTestCase" time="0.032"/>
  <system-out/>
</testsuite> <!-- testNG.SampleTestCase -->
