<?xml version="1.0" encoding="UTF-8"?>
<!-- Generated by org.testng.reporters.JUnitReportReporter -->
<testsuite hostname="DESKTOP-LDK6U86" failures="0" tests="5" name="testNG.PriorityExample" time="0.033" errors="0" timestamp="2023-03-07T00:37:50 IST" skipped="0">
  <testcase classname="testNG.PriorityExample" name="StartTheCar" time="0.019"/>
  <system-out/>
  <testcase classname="testNG.PriorityExample" name="FirstGear" time="0.002"/>
  <system-out/>
  <testcase classname="testNG.PriorityExample" name="SecondGear" time="0.005"/>
  <system-out/>
  <testcase classname="testNG.PriorityExample" name="ThirdGear" time="0.003"/>
  <system-out/>
  <testcase classname="testNG.PriorityExample" name="FourthGear" time="0.004"/>
  <system-out/>
</testsuite> <!-- testNG.PriorityExample -->
